2026-06-26T10:02:51: Failed to proxy http://localhost:3001/api/tenants/public AggregateError [ECONNREFUSED]: 
2026-06-26T10:02:51:     at internalConnectMultiple (node:net:1134:18)
2026-06-26T10:02:51:     at afterConnectMultiple (node:net:1715:7) {
2026-06-26T10:02:51:   code: 'ECONNREFUSED',
2026-06-26T10:02:51:   [errors]: [
2026-06-26T10:02:51:     Error: connect ECONNREFUSED ::1:3001
2026-06-26T10:02:51:         at createConnectionError (node:net:1678:14)
2026-06-26T10:02:51:         at afterConnectMultiple (node:net:1708:16) {
2026-06-26T10:02:51:       errno: -4078,
2026-06-26T10:02:51:       code: 'ECONNREFUSED',
2026-06-26T10:02:51:       syscall: 'connect',
2026-06-26T10:02:51:       address: '::1',
2026-06-26T10:02:51:       port: 3001
2026-06-26T10:02:51:     },
2026-06-26T10:02:51:     Error: connect ECONNREFUSED 127.0.0.1:3001
2026-06-26T10:02:51:         at createConnectionError (node:net:1678:14)
2026-06-26T10:02:51:         at afterConnectMultiple (node:net:1708:16) {
2026-06-26T10:02:51:       errno: -4078,
2026-06-26T10:02:51:       code: 'ECONNREFUSED',
2026-06-26T10:02:51:       syscall: 'connect',
2026-06-26T10:02:51:       address: '127.0.0.1',
2026-06-26T10:02:51:       port: 3001
2026-06-26T10:02:51:     }
2026-06-26T10:02:51:   ]
2026-06-26T10:02:51: }
2026-06-26T10:02:51: AggregateError [ECONNREFUSED]: 
2026-06-26T10:02:51:     at internalConnectMultiple (node:net:1134:18)
2026-06-26T10:02:51:     at afterConnectMultiple (node:net:1715:7) {
2026-06-26T10:02:51:   code: 'ECONNREFUSED',
2026-06-26T10:02:51:   [errors]: [
2026-06-26T10:02:51:     Error: connect ECONNREFUSED ::1:3001
2026-06-26T10:02:51:         at createConnectionError (node:net:1678:14)
2026-06-26T10:02:51:         at afterConnectMultiple (node:net:1708:16) {
2026-06-26T10:02:51:       errno: -4078,
2026-06-26T10:02:51:       code: 'ECONNREFUSED',
2026-06-26T10:02:51:       syscall: 'connect',
2026-06-26T10:02:51:       address: '::1',
2026-06-26T10:02:51:       port: 3001
2026-06-26T10:02:51:     },
2026-06-26T10:02:51:     Error: connect ECONNREFUSED 127.0.0.1:3001
2026-06-26T10:02:51:         at createConnectionError (node:net:1678:14)
2026-06-26T10:02:51:         at afterConnectMultiple (node:net:1708:16) {
2026-06-26T10:02:51:       errno: -4078,
2026-06-26T10:02:51:       code: 'ECONNREFUSED',
2026-06-26T10:02:51:       syscall: 'connect',
2026-06-26T10:02:51:       address: '127.0.0.1',
2026-06-26T10:02:51:       port: 3001
2026-06-26T10:02:51:     }
2026-06-26T10:02:51:   ]
2026-06-26T10:02:51: }
2026-06-26T10:08:18: Error: Could not find a production build in the '.next' directory. Try building your app with 'next build' before starting the production server. https://nextjs.org/docs/messages/production-start-no-build-id
2026-06-26T10:08:18:     at setupFsCheck (C:\egan_projects\egan-tecman\frontend\node_modules\next\dist\server\lib\router-utils\filesystem.js:151:19)
2026-06-26T10:08:18:     at async initialize (C:\egan_projects\egan-tecman\frontend\node_modules\next\dist\server\lib\router-server.js:62:23)
2026-06-26T10:08:18:     at async Server.<anonymous> (C:\egan_projects\egan-tecman\frontend\node_modules\next\dist\server\lib\start-server.js:249:36)
2026-06-26T10:08:20: Error: Could not find a production build in the '.next' directory. Try building your app with 'next build' before starting the production server. https://nextjs.org/docs/messages/production-start-no-build-id
2026-06-26T10:08:20:     at setupFsCheck (C:\egan_projects\egan-tecman\frontend\node_modules\next\dist\server\lib\router-utils\filesystem.js:151:19)
2026-06-26T10:08:20:     at async initialize (C:\egan_projects\egan-tecman\frontend\node_modules\next\dist\server\lib\router-server.js:62:23)
2026-06-26T10:08:20:     at async Server.<anonymous> (C:\egan_projects\egan-tecman\frontend\node_modules\next\dist\server\lib\start-server.js:249:36)
2026-06-26T10:08:24: Error: Could not find a production build in the '.next' directory. Try building your app with 'next build' before starting the production server. https://nextjs.org/docs/messages/production-start-no-build-id
2026-06-26T10:08:24:     at setupFsCheck (C:\egan_projects\egan-tecman\frontend\node_modules\next\dist\server\lib\router-utils\filesystem.js:151:19)
2026-06-26T10:08:24:     at async initialize (C:\egan_projects\egan-tecman\frontend\node_modules\next\dist\server\lib\router-server.js:62:23)
2026-06-26T10:08:24:     at async Server.<anonymous> (C:\egan_projects\egan-tecman\frontend\node_modules\next\dist\server\lib\start-server.js:249:36)
2026-06-26T10:08:29: Error: Could not find a production build in the '.next' directory. Try building your app with 'next build' before starting the production server. https://nextjs.org/docs/messages/production-start-no-build-id
2026-06-26T10:08:29:     at setupFsCheck (C:\egan_projects\egan-tecman\frontend\node_modules\next\dist\server\lib\router-utils\filesystem.js:151:19)
2026-06-26T10:08:29:     at async initialize (C:\egan_projects\egan-tecman\frontend\node_modules\next\dist\server\lib\router-server.js:62:23)
2026-06-26T10:08:29:     at async Server.<anonymous> (C:\egan_projects\egan-tecman\frontend\node_modules\next\dist\server\lib\start-server.js:249:36)
2026-06-26T10:08:36: Error: ENOENT: no such file or directory, open 'C:\egan_projects\egan-tecman\frontend\.next\prerender-manifest.json'
2026-06-26T10:08:36:     at async open (node:internal/fs/promises:637:25)
2026-06-26T10:08:36:     at async Object.readFile (node:internal/fs/promises:1269:14)
2026-06-26T10:08:36:     at async setupFsCheck (C:\egan_projects\egan-tecman\frontend\node_modules\next\dist\server\lib\router-utils\filesystem.js:188:40)
2026-06-26T10:08:36:     at async initialize (C:\egan_projects\egan-tecman\frontend\node_modules\next\dist\server\lib\router-server.js:62:23)
2026-06-26T10:08:36:     at async Server.<anonymous> (C:\egan_projects\egan-tecman\frontend\node_modules\next\dist\server\lib\start-server.js:249:36) {
2026-06-26T10:08:36:   errno: -4058,
2026-06-26T10:08:36:   code: 'ENOENT',
2026-06-26T10:08:36:   syscall: 'open',
2026-06-26T10:08:36:   path: 'C:\\egan_projects\\egan-tecman\\frontend\\.next\\prerender-manifest.json'
2026-06-26T10:08:36: }
2026-06-26T10:09:35: (node:3028) [DEP0060] DeprecationWarning: The `util._extend` API is deprecated. Please use Object.assign() instead.
2026-06-26T10:09:35: (Use `node --trace-deprecation ...` to show where the warning was created)
