2026-06-26T10:08:18:   ▲ Next.js 14.2.21
2026-06-26T10:08:18:   - Local:        http://localhost:2024
2026-06-26T10:08:18: 
2026-06-26T10:08:18:  ✓ Starting...
2026-06-26T10:08:20:   ▲ Next.js 14.2.21
2026-06-26T10:08:20:   - Local:        http://localhost:2024
2026-06-26T10:08:20: 
2026-06-26T10:08:20:  ✓ Starting...
2026-06-26T10:08:24:   ▲ Next.js 14.2.21
2026-06-26T10:08:24:   - Local:        http://localhost:2024
2026-06-26T10:08:24: 
2026-06-26T10:08:24:  ✓ Starting...
2026-06-26T10:08:29:   ▲ Next.js 14.2.21
2026-06-26T10:08:29:   - Local:        http://localhost:2024
2026-06-26T10:08:29: 
2026-06-26T10:08:29:  ✓ Starting...
2026-06-26T10:08:36:   ▲ Next.js 14.2.21
2026-06-26T10:08:36:   - Local:        http://localhost:2024
2026-06-26T10:08:36: 
2026-06-26T10:08:36:  ✓ Starting...
2026-06-26T10:08:47:   ▲ Next.js 14.2.21
2026-06-26T10:08:47:   - Local:        http://localhost:2024
2026-06-26T10:08:47: 
2026-06-26T10:08:47:  ✓ Starting...
2026-06-26T10:08:47:  ✓ Ready in 717ms
